<?xml version="1.0" encoding="UTF-8"?>
<!-- Generated by org.testng.reporters.JUnitReportReporter -->
<testsuite hostname="DESKTOP-O85QBMJ" failures="0" tests="6" name="mytest" time="3.373" errors="0" timestamp="2025-07-02T18:24:30 EET" skipped="3">
  <testcase classname="mytest" name="login" time="0.433"/>
  <testcase classname="mytest" name="addToCart" time="2.205"/>
  <testcase classname="mytest" name="CheckoutProcess" time="0.735"/>
  <testcase classname="mytest" name="removeFromCart">
    <skipped/>
  </testcase> <!-- removeFromCart -->
  <testcase classname="mytest" name="addToCartAfterTheRemove">
    <skipped/>
  </testcase> <!-- addToCartAfterTheRemove -->
  <testcase classname="mytest" name="logout">
    <skipped/>
  </testcase> <!-- logout -->
</testsuite> <!-- mytest -->
